16:37:51.210 [main] TRACE - Resolving type for handle ctbooleanproperty1f3ctype
16:37:51.259 [main] TRACE - Resolving type for handle stunsignedinthex27datype
16:37:51.332 [main] TRACE - Resolving type for handle ctsheetprotection22f7type
16:37:51.449 [main] TRACE - Resolving type for handle ctpaneaab1type
16:37:51.473 [main] TRACE - Resolving type for handle stpane2ac1type
16:37:51.476 [main] TRACE - Resolving type for handle stpanestateae58type
16:37:51.485 [main] TRACE - Resolving type for handle ctselectionca2btype
16:37:51.588 [main] TRACE - Resolving type for handle ctworkbookprotection56bctype
16:37:51.656 [main] TRACE - Resolving type for handle ctnumfmtsb58btype
16:37:51.706 [main] DEBUG - Save content types part
16:37:51.817 [main] DEBUG - Save package relationships
16:37:51.823 [main] DEBUG - Save part 'docProps/app.xml'
16:37:51.823 [main] DEBUG - Save part 'docProps/core.xml'
16:37:51.826 [main] DEBUG - Save part 'xl/charts/chart1.xml'
16:37:51.827 [main] DEBUG - Save part 'xl/charts/chart2.xml'
16:37:51.828 [main] DEBUG - Save part 'xl/charts/chart3.xml'
16:37:51.828 [main] DEBUG - Save part 'xl/charts/chart4.xml'
16:37:51.830 [main] DEBUG - Save part 'xl/charts/chart5.xml'
16:37:51.832 [main] DEBUG - Save part 'xl/charts/chart6.xml'
16:37:51.834 [main] DEBUG - Save part 'xl/charts/chart7.xml'
16:37:51.834 [main] DEBUG - Save part 'xl/charts/chart8.xml'
16:37:51.836 [main] DEBUG - Save part 'xl/charts/chart9.xml'
16:37:51.837 [main] DEBUG - Save part 'xl/charts/chart10.xml'
16:37:51.837 [main] DEBUG - Save part 'xl/charts/chart11.xml'
16:37:51.839 [main] DEBUG - Save part 'xl/charts/chart12.xml'
16:37:51.840 [main] DEBUG - Save part 'xl/charts/chart13.xml'
16:37:51.840 [main] DEBUG - Save part 'xl/drawings/drawing1.xml'
16:37:51.843 [main] DEBUG - Save part 'xl/drawings/drawing2.xml'
16:37:51.844 [main] DEBUG - Save part 'xl/drawings/drawing3.xml'
16:37:51.845 [main] DEBUG - Save part 'xl/drawings/drawing4.xml'
16:37:51.845 [main] DEBUG - Save part 'xl/drawings/drawing5.xml'
16:37:51.848 [main] DEBUG - Save part 'xl/drawings/drawing6.xml'
16:37:51.849 [main] DEBUG - Save part 'xl/drawings/drawing7.xml'
16:37:51.851 [main] DEBUG - Save part 'xl/drawings/drawing8.xml'
16:37:51.853 [main] DEBUG - Save part 'xl/drawings/drawing9.xml'
16:37:51.854 [main] DEBUG - Save part 'xl/printerSettings/printerSettings1.bin'
16:37:51.854 [main] DEBUG - Save part 'xl/printerSettings/printerSettings2.bin'
16:37:51.854 [main] DEBUG - Save part 'xl/printerSettings/printerSettings3.bin'
16:37:51.855 [main] DEBUG - Save part 'xl/printerSettings/printerSettings4.bin'
16:37:51.855 [main] DEBUG - Save part 'xl/printerSettings/printerSettings5.bin'
16:37:51.855 [main] DEBUG - Save part 'xl/printerSettings/printerSettings8.bin'
16:37:51.856 [main] DEBUG - Save part 'xl/sharedStrings.xml'
16:37:51.856 [main] DEBUG - Save part 'xl/styles.xml'
16:37:51.857 [main] DEBUG - Save part 'xl/theme/theme1.xml'
16:37:51.857 [main] DEBUG - Save part 'xl/workbook.xml'
16:37:51.860 [main] DEBUG - Save part 'xl/worksheets/sheet1.xml'
16:37:51.862 [main] DEBUG - Save part 'xl/worksheets/sheet2.xml'
16:37:51.863 [main] DEBUG - Save part 'xl/worksheets/sheet3.xml'
16:37:51.866 [main] DEBUG - Save part 'xl/worksheets/sheet4.xml'
16:37:51.868 [main] DEBUG - Save part 'xl/worksheets/sheet5.xml'
16:37:51.869 [main] DEBUG - Save part 'xl/worksheets/sheet8.xml'
16:45:42.790 [main] INFO  - WebDriver initialized successfully for browser: chrome
16:45:45.314 [main] INFO  - Navigated to application URL: https://tutorialsninja.com/demo/
16:45:45.808 [main] INFO  - Clicked on 'My Account' link.
16:45:46.534 [main] INFO  - Navigated to Login Page.
16:45:48.564 [main] INFO  - Entered login credentials and clicked 'Login'.
16:45:48.678 [main] INFO  - Login successful. 'My Account' page is displayed.
16:45:51.875 [main] INFO  - WebDriver initialized successfully for browser: chrome
16:45:54.190 [main] INFO  - Navigated to application URL: https://tutorialsninja.com/demo/
16:45:54.534 [main] INFO  - Clicked on 'My Account' link.
16:45:55.124 [main] INFO  - Navigated to Login Page.
16:45:56.132 [main] INFO  - Entered email: deepug@gmail.com
16:45:56.695 [main] INFO  - Entered password.
16:45:58.341 [main] INFO  - Clicked on the 'Login' button.
16:45:58.453 [main] INFO  - Login successful. 'My Account' page is displayed.
16:46:01.981 [main] INFO  - WebDriver initialized successfully for browser: chrome
16:46:03.774 [main] INFO  - Navigated to application URL: https://tutorialsninja.com/demo/
16:46:04.003 [main] INFO  - Clicked on 'My Account' link.
16:46:04.542 [main] INFO  - Navigated to Login Page.
16:46:05.020 [main] INFO  - Entered email: xyz@gmail.com
16:46:05.476 [main] INFO  - Entered password.
16:46:06.792 [main] INFO  - Clicked on the 'Login' button.
16:46:30.728 [main] INFO  - WebDriver initialized successfully for browser: chrome
16:46:32.905 [main] INFO  - Navigated to application URL: https://tutorialsninja.com/demo/
16:46:33.420 [main] INFO  - Clicked on 'My Account' link.
16:46:34.169 [main] INFO  - Navigated to Login Page.
16:46:34.896 [main] INFO  - Entered email: abcxyz@xyz.com
16:46:35.150 [main] INFO  - Entered password.
16:46:36.300 [main] INFO  - Clicked on the 'Login' button.
16:46:59.635 [main] INFO  - WebDriver initialized successfully for browser: chrome
16:47:01.976 [main] INFO  - Navigated to application URL: https://tutorialsninja.com/demo/
16:47:02.403 [main] INFO  - Clicked on 'My Account' link.
16:47:03.225 [main] INFO  - Navigated to Login Page.
16:47:04.267 [main] INFO  - Entered email: abcdef@abc.com
16:47:04.645 [main] INFO  - Entered password.
16:47:06.155 [main] INFO  - Clicked on the 'Login' button.
16:47:29.157 [main] DEBUG - Parsing relationship: /xl/charts/_rels/chart4.xml.rels
16:47:29.167 [main] DEBUG - Parsing relationship: /xl/charts/_rels/chart5.xml.rels
16:47:29.170 [main] DEBUG - Parsing relationship: /xl/charts/_rels/chart6.xml.rels
16:47:29.173 [main] DEBUG - Parsing relationship: /xl/charts/_rels/chart8.xml.rels
16:47:29.177 [main] DEBUG - Parsing relationship: /xl/charts/_rels/chart11.xml.rels
16:47:29.180 [main] DEBUG - Parsing relationship: /xl/drawings/_rels/drawing1.xml.rels
16:47:29.186 [main] DEBUG - Parsing relationship: /xl/drawings/_rels/drawing5.xml.rels
16:47:29.189 [main] DEBUG - Parsing relationship: /xl/drawings/_rels/drawing7.xml.rels
16:47:29.192 [main] DEBUG - Parsing relationship: /xl/drawings/_rels/drawing8.xml.rels
16:47:29.196 [main] DEBUG - Parsing relationship: /xl/drawings/_rels/drawing10.xml.rels
16:47:29.201 [main] DEBUG - Parsing relationship: /xl/drawings/_rels/drawing11.xml.rels
16:47:29.204 [main] DEBUG - Parsing relationship: /xl/_rels/workbook.xml.rels
16:47:29.206 [main] DEBUG - Parsing relationship: /xl/worksheets/_rels/sheet1.xml.rels
16:47:29.208 [main] DEBUG - Parsing relationship: /xl/worksheets/_rels/sheet2.xml.rels
16:47:29.209 [main] DEBUG - Parsing relationship: /xl/worksheets/_rels/sheet3.xml.rels
16:47:29.211 [main] DEBUG - Parsing relationship: /xl/worksheets/_rels/sheet4.xml.rels
16:47:29.213 [main] DEBUG - Parsing relationship: /xl/worksheets/_rels/sheet5.xml.rels
16:47:29.216 [main] DEBUG - Parsing relationship: /xl/worksheets/_rels/sheet6.xml.rels
16:47:29.219 [main] DEBUG - Parsing relationship: /xl/worksheets/_rels/sheet7.xml.rels
16:47:29.223 [main] DEBUG - Parsing relationship: /xl/worksheets/_rels/sheet8.xml.rels
16:47:29.226 [main] DEBUG - Parsing relationship: /_rels/.rels
16:47:29.871 [main] TRACE - Loading type system org.apache.poi.schemas.ooxml.system.ooxml
16:47:29.881 [main] TRACE - Loading type system org.apache.xmlbeans.metadata.system.sXMLCONFIG
16:47:29.882 [main] TRACE - Loading type system org.apache.xmlbeans.metadata.system.sXMLLANG
16:47:29.884 [main] TRACE - Loading type system org.apache.xmlbeans.metadata.system.sXMLSCHEMA
16:47:29.886 [main] TRACE - Loading type system org.apache.xmlbeans.metadata.system.sXMLTOOLS
16:47:29.890 [main] TRACE - Reading unresolved handles for type system org.apache.xmlbeans.metadata.system.sXMLTOOLS
16:47:29.932 [main] TRACE - Finished loading type system org.apache.xmlbeans.metadata.system.sXMLTOOLS
16:47:29.936 [main] TRACE - Reading unresolved handles for type system org.apache.xmlbeans.metadata.system.sXMLSCHEMA
16:47:29.951 [main] TRACE - Finished loading type system org.apache.xmlbeans.metadata.system.sXMLSCHEMA
16:47:29.956 [main] TRACE - Reading unresolved handles for type system org.apache.xmlbeans.metadata.system.sXMLLANG
16:47:29.959 [main] TRACE - Finished loading type system org.apache.xmlbeans.metadata.system.sXMLLANG
16:47:29.962 [main] TRACE - Reading unresolved handles for type system org.apache.xmlbeans.metadata.system.sXMLCONFIG
16:47:29.965 [main] TRACE - Finished loading type system org.apache.xmlbeans.metadata.system.sXMLCONFIG
16:47:29.967 [main] TRACE - Reading unresolved handles for type system org.apache.poi.schemas.ooxml.system.ooxml
16:47:30.175 [main] TRACE - Finished loading type system org.apache.poi.schemas.ooxml.system.ooxml
16:47:30.177 [main] TRACE - Resolving type for handle stylesheet5d8bdoctype
16:47:30.390 [main] TRACE - Resolving type for handle ctstylesheet4257type
16:47:30.404 [main] TRACE - Resolving type for handle ctcolors6579type
16:47:30.413 [main] TRACE - Resolving type for handle ctfonts6623type
16:47:30.422 [main] TRACE - Resolving type for handle ctfont14d8type
16:47:30.448 [main] TRACE - Resolving type for handle ctfills2c6ftype
16:47:30.456 [main] TRACE - Resolving type for handle ctfill550ctype
16:47:30.463 [main] TRACE - Resolving type for handle ctborders0d66type
16:47:30.469 [main] TRACE - Resolving type for handle ctborderf935type
16:47:30.479 [main] TRACE - Resolving type for handle ctcellxfs1322type
16:47:30.496 [main] TRACE - Resolving type for handle ctxf97f7type
16:47:30.508 [main] TRACE - Resolving type for handle ctcellstylexfsa81ftype
16:47:30.514 [main] TRACE - Resolving type for handle ctdxfsb26atype
16:47:30.522 [main] TRACE - Resolving type for handle cttablestyles872ftype
16:47:30.532 [main] TRACE - Resolving type for handle sstf81fdoctype
16:47:30.546 [main] TRACE - Resolving type for handle ctsst44f3type
16:47:30.581 [main] TRACE - Resolving type for handle ctrsta472type
16:47:30.686 [main] TRACE - Resolving type for handle themefd26doctype
16:47:30.708 [main] DEBUG - using default POIXMLDocumentPart for http://schemas.openxmlformats.org/officeDocument/2006/relationships/printerSettings
16:47:30.713 [main] TRACE - Resolving type for handle ctdrawing2748type
16:47:30.771 [main] TRACE - Resolving type for handle chartspace36e0doctype
16:47:30.790 [main] TRACE - Resolving type for handle ctchartspacef9b4type
16:47:30.860 [main] DEBUG - using default POIXMLDocumentPart for http://schemas.openxmlformats.org/officeDocument/2006/relationships/chartUserShapes
16:47:30.860 [main] DEBUG - using default POIXMLDocumentPart for http://schemas.openxmlformats.org/officeDocument/2006/relationships/chartUserShapes
16:47:30.861 [main] DEBUG - using default POIXMLDocumentPart for http://schemas.openxmlformats.org/officeDocument/2006/relationships/chartUserShapes
16:47:30.862 [main] DEBUG - using default POIXMLDocumentPart for http://schemas.openxmlformats.org/officeDocument/2006/relationships/printerSettings
16:47:30.891 [main] DEBUG - using default POIXMLDocumentPart for http://schemas.openxmlformats.org/officeDocument/2006/relationships/chartUserShapes
16:47:30.892 [main] DEBUG - using default POIXMLDocumentPart for http://schemas.openxmlformats.org/officeDocument/2006/relationships/printerSettings
16:47:30.910 [main] DEBUG - using default POIXMLDocumentPart for http://schemas.openxmlformats.org/officeDocument/2006/relationships/printerSettings
16:47:30.937 [main] DEBUG - using default POIXMLDocumentPart for http://schemas.openxmlformats.org/officeDocument/2006/relationships/chartUserShapes
16:47:30.938 [main] DEBUG - using default POIXMLDocumentPart for http://schemas.openxmlformats.org/officeDocument/2006/relationships/printerSettings
16:47:30.938 [main] DEBUG - using default POIXMLDocumentPart for http://schemas.openxmlformats.org/officeDocument/2006/relationships/printerSettings
16:47:30.958 [main] DEBUG - using default POIXMLDocumentPart for http://schemas.openxmlformats.org/officeDocument/2006/relationships/printerSettings
16:47:30.975 [main] DEBUG - using default POIXMLDocumentPart for http://schemas.openxmlformats.org/officeDocument/2006/relationships/printerSettings
16:47:30.979 [main] TRACE - Resolving type for handle workbookec17doctype
16:47:30.989 [main] TRACE - Resolving type for handle ctworkbook83c3type
16:47:31.007 [main] TRACE - Resolving type for handle ctsheets49fdtype
16:47:31.015 [main] TRACE - Resolving type for handle ctsheet4dbetype
16:47:31.029 [main] TRACE - Resolving type for handle strelationshipid1e94type
16:47:31.039 [main] TRACE - Resolving type for handle worksheetf539doctype
16:47:31.052 [main] TRACE - Resolving type for handle ctworksheet530dtype
16:47:31.083 [main] TRACE - Resolving type for handle ctcols627ctype
16:47:31.112 [main] TRACE - Resolving type for handle ctcola95ftype
16:47:31.176 [main] TRACE - Resolving type for handle ctsheetdata8408type
16:47:31.187 [main] TRACE - Resolving type for handle ctrowdd39type
16:47:31.235 [main] TRACE - Resolving type for handle ctcell842btype
16:47:31.270 [main] TRACE - Resolving type for handle stcellrefe4e0type
16:47:31.471 [main] TRACE - Resolving type for handle ctdefinednamesce48type
16:47:31.482 [main] TRACE - Resolving type for handle ctdefinedname9413type
16:47:31.514 [main] TRACE - Resolving type for handle stxstringf179type
16:47:31.537 [main] TRACE - Resolving type for handle stsheetstate158btype
16:47:31.595 [main] TRACE - Resolving type for handle stcelltypebf95type
16:47:31.612 [main] TRACE - Resolving type for handle ctdrawing44fdtype
16:47:31.625 [main] TRACE - Resolving type for handle cttwocellanchor1e8dtype
16:47:31.632 [main] TRACE - Resolving type for handle ctmarkeree8etype
16:47:31.641 [main] TRACE - Resolving type for handle strowidf4cftype
16:47:31.685 [main] TRACE - Resolving type for handle ctmergecells1242type
16:47:31.689 [main] TRACE - Resolving type for handle ctmergecelle8d9type
16:47:31.691 [main] TRACE - Resolving type for handle stref90a2type
16:47:31.740 [main] TRACE - Resolving type for handle stnumfmtid76fbtype
16:47:31.742 [main] TRACE - Resolving type for handle stfontid9d63type
16:47:31.744 [main] TRACE - Resolving type for handle stfillida097type
16:47:31.746 [main] TRACE - Resolving type for handle stborderid1a80type
16:47:31.748 [main] TRACE - Resolving type for handle stcellstylexfid70c7type
16:47:31.757 [main] TRACE - Resolving type for handle ctcellalignmentb580type
16:47:31.762 [main] TRACE - Resolving type for handle stverticalalignmentd35ctype
16:47:31.766 [main] TRACE - Resolving type for handle ctborderpre497type
16:47:31.770 [main] TRACE - Resolving type for handle stborderstylec774type
16:47:31.774 [main] TRACE - Resolving type for handle ctcolord2c2type
16:47:31.791 [main] TRACE - Resolving type for handle sthorizontalalignmentf92etype
16:47:31.801 [main] TRACE - Resolving type for handle ctchartc108type
16:47:31.806 [main] TRACE - Resolving type for handle cttitleb54etype
16:47:31.864 [main] TRACE - Resolving type for handle cttx9678type
16:47:31.867 [main] TRACE - Resolving type for handle cttextbodya3catype
16:47:31.870 [main] TRACE - Resolving type for handle cttextparagraphcaf2type
16:47:31.877 [main] TRACE - Resolving type for handle ctregulartextrun7e3dtype
16:47:31.892 [main] TRACE - Resolving type for handle ctplotarea106etype
16:47:31.897 [main] TRACE - Resolving type for handle ctcatax7159type
16:47:31.904 [main] TRACE - Resolving type for handle ctunsignedinte8ectype
16:47:31.906 [main] TRACE - Resolving type for handle ctvalaxd06etype
16:47:31.916 [main] TRACE - Resolving type for handle ctbarchart4151type
16:47:31.921 [main] TRACE - Resolving type for handle ctbardir5f42type
16:47:31.926 [main] TRACE - Resolving type for handle ctbarser960ftype
16:47:31.932 [main] TRACE - Resolving type for handle ctaxdatasource1440type
16:47:31.935 [main] TRACE - Resolving type for handle ctnumdatasourcef0bbtype
16:47:31.941 [main] TRACE - Resolving type for handle ctstrref5d1atype
16:47:31.944 [main] TRACE - Resolving type for handle ctstrdatad58btype
16:47:31.948 [main] TRACE - Resolving type for handle ctnumref062ftype
16:47:31.951 [main] TRACE - Resolving type for handle ctnumdata4f16type
16:47:31.989 [main] TRACE - Resolving type for handle ctworkbookpr03a5type
16:47:31.997 [main] TRACE - Resolving type for handle ctbookviewsb864type
16:47:32.000 [main] TRACE - Resolving type for handle ctbookviewf677type
16:47:32.012 [main] TRACE - Resolving type for handle propertiesee84doctype
16:47:32.016 [main] TRACE - Resolving type for handle ctproperties3f10type
16:47:32.027 [main] TRACE - Resolving type for handle properties288cdoctype
16:47:32.029 [main] TRACE - Resolving type for handle ctproperties2c18type
16:47:32.040 [main] TRACE - Resolving type for handle ctfontsizeb3b9type
16:47:32.044 [main] TRACE - Resolving type for handle ctfontname2dc3type
16:47:32.049 [main] TRACE - Resolving type for handle ctfontfamily685ctype
16:47:32.053 [main] TRACE - Resolving type for handle stfontfamily9c6ctype
16:47:32.057 [main] TRACE - Resolving type for handle ctfontschemebf5dtype
16:47:32.060 [main] TRACE - Resolving type for handle stfontschemef36dtype
16:47:32.061 [main] TRACE - Resolving type for handle ctpatternfill7452type
16:47:32.067 [main] TRACE - Resolving type for handle stpatterntype7939type
16:47:32.071 [main] TRACE - Resolving type for handle ctsheetformatprdef7type
16:47:32.075 [main] TRACE - Resolving type for handle ctsheetviewsb918type
16:47:32.080 [main] TRACE - Resolving type for handle ctsheetview0f43type
16:47:32.095 [main] TRACE - Resolving type for handle ctsheetdimensiond310type
16:47:32.098 [main] TRACE - Resolving type for handle ctpagemargins5455type
16:47:32.104 [main] TRACE - Resolving type for handle ctstrval86cctype
16:47:32.107 [main] TRACE - Resolving type for handle ctnumval2fe1type
16:47:32.120 [main] TRACE - Resolving type for handle ctbooleanproperty1f3ctype
16:47:32.168 [main] TRACE - Resolving type for handle stunsignedinthex27datype
16:47:32.216 [main] TRACE - Resolving type for handle ctsheetprotection22f7type
16:47:32.280 [main] TRACE - Resolving type for handle ctpaneaab1type
16:47:32.286 [main] TRACE - Resolving type for handle stpane2ac1type
16:47:32.287 [main] TRACE - Resolving type for handle stpanestateae58type
16:47:32.290 [main] TRACE - Resolving type for handle ctselectionca2btype
16:47:32.370 [main] TRACE - Resolving type for handle ctworkbookprotection56bctype
16:47:32.436 [main] TRACE - Resolving type for handle ctnumfmtsb58btype
16:47:32.490 [main] DEBUG - Save content types part
16:47:32.623 [main] DEBUG - Save package relationships
16:47:32.629 [main] DEBUG - Save part 'docProps/app.xml'
16:47:32.630 [main] DEBUG - Save part 'docProps/core.xml'
16:47:32.634 [main] DEBUG - Save part 'xl/charts/chart1.xml'
16:47:32.635 [main] DEBUG - Save part 'xl/charts/chart2.xml'
16:47:32.635 [main] DEBUG - Save part 'xl/charts/chart3.xml'
16:47:32.636 [main] DEBUG - Save part 'xl/charts/chart4.xml'
16:47:32.638 [main] DEBUG - Save part 'xl/charts/chart5.xml'
16:47:32.641 [main] DEBUG - Save part 'xl/charts/chart6.xml'
16:47:32.644 [main] DEBUG - Save part 'xl/charts/chart7.xml'
16:47:32.645 [main] DEBUG - Save part 'xl/charts/chart8.xml'
16:47:32.647 [main] DEBUG - Save part 'xl/charts/chart9.xml'
16:47:32.648 [main] DEBUG - Save part 'xl/charts/chart10.xml'
16:47:32.649 [main] DEBUG - Save part 'xl/charts/chart11.xml'
16:47:32.651 [main] DEBUG - Save part 'xl/charts/chart12.xml'
16:47:32.653 [main] DEBUG - Save part 'xl/charts/chart13.xml'
16:47:32.653 [main] DEBUG - Save part 'xl/drawings/drawing1.xml'
16:47:32.656 [main] DEBUG - Save part 'xl/drawings/drawing2.xml'
16:47:32.657 [main] DEBUG - Save part 'xl/drawings/drawing3.xml'
16:47:32.657 [main] DEBUG - Save part 'xl/drawings/drawing4.xml'
16:47:32.658 [main] DEBUG - Save part 'xl/drawings/drawing5.xml'
16:47:32.661 [main] DEBUG - Save part 'xl/drawings/drawing6.xml'
16:47:32.662 [main] DEBUG - Save part 'xl/drawings/drawing7.xml'
16:47:32.664 [main] DEBUG - Save part 'xl/drawings/drawing8.xml'
16:47:32.667 [main] DEBUG - Save part 'xl/drawings/drawing9.xml'
16:47:32.668 [main] DEBUG - Save part 'xl/printerSettings/printerSettings1.bin'
16:47:32.668 [main] DEBUG - Save part 'xl/printerSettings/printerSettings2.bin'
16:47:32.668 [main] DEBUG - Save part 'xl/printerSettings/printerSettings3.bin'
16:47:32.669 [main] DEBUG - Save part 'xl/printerSettings/printerSettings4.bin'
16:47:32.669 [main] DEBUG - Save part 'xl/printerSettings/printerSettings5.bin'
16:47:32.669 [main] DEBUG - Save part 'xl/printerSettings/printerSettings8.bin'
16:47:32.670 [main] DEBUG - Save part 'xl/sharedStrings.xml'
16:47:32.670 [main] DEBUG - Save part 'xl/styles.xml'
16:47:32.671 [main] DEBUG - Save part 'xl/theme/theme1.xml'
16:47:32.671 [main] DEBUG - Save part 'xl/workbook.xml'
16:47:32.674 [main] DEBUG - Save part 'xl/worksheets/sheet1.xml'
16:47:32.676 [main] DEBUG - Save part 'xl/worksheets/sheet2.xml'
16:47:32.678 [main] DEBUG - Save part 'xl/worksheets/sheet3.xml'
16:47:32.681 [main] DEBUG - Save part 'xl/worksheets/sheet4.xml'
16:47:32.683 [main] DEBUG - Save part 'xl/worksheets/sheet5.xml'
16:47:32.685 [main] DEBUG - Save part 'xl/worksheets/sheet8.xml'
17:28:38.077 [main] INFO  - WebDriver initialized successfully for browser: chrome
17:28:40.868 [main] INFO  - Navigated to application URL: https://tutorialsninja.com/demo/
17:28:41.551 [main] INFO  - Clicked on 'My Account' link.
17:28:42.790 [main] INFO  - Navigated to Login Page.
17:28:44.656 [main] INFO  - Entered email: deepug@gmail.com
17:28:45.129 [main] INFO  - Entered password.
17:28:46.554 [main] INFO  - Clicked on the 'Login' button.
17:28:46.725 [main] INFO  - Login successful. 'My Account' page is displayed.
17:28:52.199 [main] INFO  - WebDriver initialized successfully for browser: chrome
17:28:54.675 [main] INFO  - Navigated to application URL: https://tutorialsninja.com/demo/
17:28:55.417 [main] INFO  - Clicked on 'My Account' link.
17:28:56.456 [main] INFO  - Navigated to Login Page.
17:28:57.749 [main] INFO  - Entered email: xyz@gmail.com
17:28:59.061 [main] INFO  - Entered password.
17:29:00.121 [main] INFO  - Clicked on the 'Login' button.
17:29:25.441 [main] INFO  - WebDriver initialized successfully for browser: chrome
17:29:27.617 [main] INFO  - Navigated to application URL: https://tutorialsninja.com/demo/
17:29:28.268 [main] INFO  - Clicked on 'My Account' link.
17:29:29.795 [main] INFO  - Navigated to Login Page.
17:29:31.235 [main] INFO  - Entered email: abcxyz@xyz.com
17:29:32.281 [main] INFO  - Entered password.
17:29:33.218 [main] INFO  - Clicked on the 'Login' button.
17:29:58.043 [main] INFO  - WebDriver initialized successfully for browser: chrome
17:30:00.011 [main] INFO  - Navigated to application URL: https://tutorialsninja.com/demo/
17:30:00.657 [main] INFO  - Clicked on 'My Account' link.
17:30:02.279 [main] INFO  - Navigated to Login Page.
17:30:03.310 [main] INFO  - Entered email: abcdef@abc.com
17:30:04.268 [main] INFO  - Entered password.
17:30:06.987 [main] INFO  - Clicked on the 'Login' button.
17:30:30.134 [main] DEBUG - Parsing relationship: /xl/charts/_rels/chart4.xml.rels
17:30:30.143 [main] DEBUG - Parsing relationship: /xl/charts/_rels/chart5.xml.rels
17:30:30.147 [main] DEBUG - Parsing relationship: /xl/charts/_rels/chart6.xml.rels
17:30:30.151 [main] DEBUG - Parsing relationship: /xl/charts/_rels/chart8.xml.rels
17:30:30.154 [main] DEBUG - Parsing relationship: /xl/charts/_rels/chart11.xml.rels
17:30:30.157 [main] DEBUG - Parsing relationship: /xl/drawings/_rels/drawing1.xml.rels
17:30:30.166 [main] DEBUG - Parsing relationship: /xl/drawings/_rels/drawing5.xml.rels
17:30:30.170 [main] DEBUG - Parsing relationship: /xl/drawings/_rels/drawing7.xml.rels
17:30:30.175 [main] DEBUG - Parsing relationship: /xl/drawings/_rels/drawing8.xml.rels
17:30:30.180 [main] DEBUG - Parsing relationship: /xl/drawings/_rels/drawing10.xml.rels
17:30:30.185 [main] DEBUG - Parsing relationship: /xl/drawings/_rels/drawing11.xml.rels
17:30:30.192 [main] DEBUG - Parsing relationship: /xl/_rels/workbook.xml.rels
17:30:30.197 [main] DEBUG - Parsing relationship: /xl/worksheets/_rels/sheet1.xml.rels
17:30:30.201 [main] DEBUG - Parsing relationship: /xl/worksheets/_rels/sheet2.xml.rels
17:30:30.204 [main] DEBUG - Parsing relationship: /xl/worksheets/_rels/sheet3.xml.rels
17:30:30.208 [main] DEBUG - Parsing relationship: /xl/worksheets/_rels/sheet4.xml.rels
17:30:30.212 [main] DEBUG - Parsing relationship: /xl/worksheets/_rels/sheet5.xml.rels
17:30:30.215 [main] DEBUG - Parsing relationship: /xl/worksheets/_rels/sheet6.xml.rels
17:30:30.220 [main] DEBUG - Parsing relationship: /xl/worksheets/_rels/sheet7.xml.rels
17:30:30.222 [main] DEBUG - Parsing relationship: /xl/worksheets/_rels/sheet8.xml.rels
17:30:30.224 [main] DEBUG - Parsing relationship: /_rels/.rels
17:30:30.895 [main] TRACE - Loading type system org.apache.poi.schemas.ooxml.system.ooxml
17:30:30.902 [main] TRACE - Loading type system org.apache.xmlbeans.metadata.system.sXMLCONFIG
17:30:30.903 [main] TRACE - Loading type system org.apache.xmlbeans.metadata.system.sXMLLANG
17:30:30.904 [main] TRACE - Loading type system org.apache.xmlbeans.metadata.system.sXMLSCHEMA
17:30:30.905 [main] TRACE - Loading type system org.apache.xmlbeans.metadata.system.sXMLTOOLS
17:30:30.908 [main] TRACE - Reading unresolved handles for type system org.apache.xmlbeans.metadata.system.sXMLTOOLS
17:30:30.944 [main] TRACE - Finished loading type system org.apache.xmlbeans.metadata.system.sXMLTOOLS
17:30:30.947 [main] TRACE - Reading unresolved handles for type system org.apache.xmlbeans.metadata.system.sXMLSCHEMA
17:30:30.962 [main] TRACE - Finished loading type system org.apache.xmlbeans.metadata.system.sXMLSCHEMA
17:30:30.966 [main] TRACE - Reading unresolved handles for type system org.apache.xmlbeans.metadata.system.sXMLLANG
17:30:30.969 [main] TRACE - Finished loading type system org.apache.xmlbeans.metadata.system.sXMLLANG
17:30:30.974 [main] TRACE - Reading unresolved handles for type system org.apache.xmlbeans.metadata.system.sXMLCONFIG
17:30:30.977 [main] TRACE - Finished loading type system org.apache.xmlbeans.metadata.system.sXMLCONFIG
17:30:30.981 [main] TRACE - Reading unresolved handles for type system org.apache.poi.schemas.ooxml.system.ooxml
17:30:31.175 [main] TRACE - Finished loading type system org.apache.poi.schemas.ooxml.system.ooxml
17:30:31.177 [main] TRACE - Resolving type for handle stylesheet5d8bdoctype
17:30:31.409 [main] TRACE - Resolving type for handle ctstylesheet4257type
17:30:31.428 [main] TRACE - Resolving type for handle ctcolors6579type
17:30:31.437 [main] TRACE - Resolving type for handle ctfonts6623type
17:30:31.449 [main] TRACE - Resolving type for handle ctfont14d8type
17:30:31.497 [main] TRACE - Resolving type for handle ctfills2c6ftype
17:30:31.505 [main] TRACE - Resolving type for handle ctfill550ctype
17:30:31.512 [main] TRACE - Resolving type for handle ctborders0d66type
17:30:31.518 [main] TRACE - Resolving type for handle ctborderf935type
17:30:31.529 [main] TRACE - Resolving type for handle ctcellxfs1322type
17:30:31.538 [main] TRACE - Resolving type for handle ctxf97f7type
17:30:31.550 [main] TRACE - Resolving type for handle ctcellstylexfsa81ftype
17:30:31.554 [main] TRACE - Resolving type for handle ctdxfsb26atype
17:30:31.561 [main] TRACE - Resolving type for handle cttablestyles872ftype
17:30:31.572 [main] TRACE - Resolving type for handle sstf81fdoctype
17:30:31.590 [main] TRACE - Resolving type for handle ctsst44f3type
17:30:31.629 [main] TRACE - Resolving type for handle ctrsta472type
17:30:31.739 [main] TRACE - Resolving type for handle themefd26doctype
17:30:31.763 [main] DEBUG - using default POIXMLDocumentPart for http://schemas.openxmlformats.org/officeDocument/2006/relationships/printerSettings
17:30:31.768 [main] TRACE - Resolving type for handle ctdrawing2748type
17:30:31.833 [main] TRACE - Resolving type for handle chartspace36e0doctype
17:30:31.859 [main] TRACE - Resolving type for handle ctchartspacef9b4type
17:30:31.953 [main] DEBUG - using default POIXMLDocumentPart for http://schemas.openxmlformats.org/officeDocument/2006/relationships/chartUserShapes
17:30:31.954 [main] DEBUG - using default POIXMLDocumentPart for http://schemas.openxmlformats.org/officeDocument/2006/relationships/chartUserShapes
17:30:31.955 [main] DEBUG - using default POIXMLDocumentPart for http://schemas.openxmlformats.org/officeDocument/2006/relationships/chartUserShapes
17:30:31.955 [main] DEBUG - using default POIXMLDocumentPart for http://schemas.openxmlformats.org/officeDocument/2006/relationships/printerSettings
17:30:31.988 [main] DEBUG - using default POIXMLDocumentPart for http://schemas.openxmlformats.org/officeDocument/2006/relationships/chartUserShapes
17:30:31.989 [main] DEBUG - using default POIXMLDocumentPart for http://schemas.openxmlformats.org/officeDocument/2006/relationships/printerSettings
17:30:32.013 [main] DEBUG - using default POIXMLDocumentPart for http://schemas.openxmlformats.org/officeDocument/2006/relationships/printerSettings
17:30:32.045 [main] DEBUG - using default POIXMLDocumentPart for http://schemas.openxmlformats.org/officeDocument/2006/relationships/chartUserShapes
17:30:32.046 [main] DEBUG - using default POIXMLDocumentPart for http://schemas.openxmlformats.org/officeDocument/2006/relationships/printerSettings
17:30:32.046 [main] DEBUG - using default POIXMLDocumentPart for http://schemas.openxmlformats.org/officeDocument/2006/relationships/printerSettings
17:30:32.066 [main] DEBUG - using default POIXMLDocumentPart for http://schemas.openxmlformats.org/officeDocument/2006/relationships/printerSettings
17:30:32.083 [main] DEBUG - using default POIXMLDocumentPart for http://schemas.openxmlformats.org/officeDocument/2006/relationships/printerSettings
17:30:32.087 [main] TRACE - Resolving type for handle workbookec17doctype
17:30:32.095 [main] TRACE - Resolving type for handle ctworkbook83c3type
17:30:32.115 [main] TRACE - Resolving type for handle ctsheets49fdtype
17:30:32.123 [main] TRACE - Resolving type for handle ctsheet4dbetype
17:30:32.138 [main] TRACE - Resolving type for handle strelationshipid1e94type
17:30:32.147 [main] TRACE - Resolving type for handle worksheetf539doctype
17:30:32.155 [main] TRACE - Resolving type for handle ctworksheet530dtype
17:30:32.215 [main] TRACE - Resolving type for handle ctcols627ctype
17:30:32.242 [main] TRACE - Resolving type for handle ctcola95ftype
17:30:32.322 [main] TRACE - Resolving type for handle ctsheetdata8408type
17:30:32.335 [main] TRACE - Resolving type for handle ctrowdd39type
17:30:32.370 [main] TRACE - Resolving type for handle ctcell842btype
17:30:32.392 [main] TRACE - Resolving type for handle stcellrefe4e0type
17:30:32.511 [main] TRACE - Resolving type for handle ctdefinednamesce48type
17:30:32.519 [main] TRACE - Resolving type for handle ctdefinedname9413type
17:30:32.530 [main] TRACE - Resolving type for handle stxstringf179type
17:30:32.543 [main] TRACE - Resolving type for handle stsheetstate158btype
17:30:32.579 [main] TRACE - Resolving type for handle stcelltypebf95type
17:30:32.594 [main] TRACE - Resolving type for handle ctdrawing44fdtype
17:30:32.609 [main] TRACE - Resolving type for handle cttwocellanchor1e8dtype
17:30:32.616 [main] TRACE - Resolving type for handle ctmarkeree8etype
17:30:32.620 [main] TRACE - Resolving type for handle strowidf4cftype
17:30:32.650 [main] TRACE - Resolving type for handle ctmergecells1242type
17:30:32.654 [main] TRACE - Resolving type for handle ctmergecelle8d9type
17:30:32.656 [main] TRACE - Resolving type for handle stref90a2type
17:30:32.696 [main] TRACE - Resolving type for handle stnumfmtid76fbtype
17:30:32.698 [main] TRACE - Resolving type for handle stfontid9d63type
17:30:32.700 [main] TRACE - Resolving type for handle stfillida097type
17:30:32.701 [main] TRACE - Resolving type for handle stborderid1a80type
17:30:32.705 [main] TRACE - Resolving type for handle stcellstylexfid70c7type
17:30:32.711 [main] TRACE - Resolving type for handle ctcellalignmentb580type
17:30:32.720 [main] TRACE - Resolving type for handle stverticalalignmentd35ctype
17:30:32.725 [main] TRACE - Resolving type for handle ctborderpre497type
17:30:32.727 [main] TRACE - Resolving type for handle stborderstylec774type
17:30:32.731 [main] TRACE - Resolving type for handle ctcolord2c2type
17:30:32.749 [main] TRACE - Resolving type for handle sthorizontalalignmentf92etype
17:30:32.758 [main] TRACE - Resolving type for handle ctchartc108type
17:30:32.763 [main] TRACE - Resolving type for handle cttitleb54etype
17:30:32.810 [main] TRACE - Resolving type for handle cttx9678type
17:30:32.816 [main] TRACE - Resolving type for handle cttextbodya3catype
17:30:32.819 [main] TRACE - Resolving type for handle cttextparagraphcaf2type
17:30:32.822 [main] TRACE - Resolving type for handle ctregulartextrun7e3dtype
17:30:32.838 [main] TRACE - Resolving type for handle ctplotarea106etype
17:30:32.849 [main] TRACE - Resolving type for handle ctcatax7159type
17:30:32.855 [main] TRACE - Resolving type for handle ctunsignedinte8ectype
17:30:32.857 [main] TRACE - Resolving type for handle ctvalaxd06etype
17:30:32.871 [main] TRACE - Resolving type for handle ctbarchart4151type
17:30:32.879 [main] TRACE - Resolving type for handle ctbardir5f42type
17:30:32.883 [main] TRACE - Resolving type for handle ctbarser960ftype
17:30:32.887 [main] TRACE - Resolving type for handle ctaxdatasource1440type
17:30:32.891 [main] TRACE - Resolving type for handle ctnumdatasourcef0bbtype
17:30:32.894 [main] TRACE - Resolving type for handle ctstrref5d1atype
17:30:32.896 [main] TRACE - Resolving type for handle ctstrdatad58btype
17:30:32.899 [main] TRACE - Resolving type for handle ctnumref062ftype
17:30:32.901 [main] TRACE - Resolving type for handle ctnumdata4f16type
17:30:32.927 [main] TRACE - Resolving type for handle ctworkbookpr03a5type
17:30:32.939 [main] TRACE - Resolving type for handle ctbookviewsb864type
17:30:32.944 [main] TRACE - Resolving type for handle ctbookviewf677type
17:30:32.949 [main] TRACE - Resolving type for handle propertiesee84doctype
17:30:32.951 [main] TRACE - Resolving type for handle ctproperties3f10type
17:30:32.958 [main] TRACE - Resolving type for handle properties288cdoctype
17:30:32.960 [main] TRACE - Resolving type for handle ctproperties2c18type
17:30:32.969 [main] TRACE - Resolving type for handle ctfontsizeb3b9type
17:30:32.974 [main] TRACE - Resolving type for handle ctfontname2dc3type
17:30:32.977 [main] TRACE - Resolving type for handle ctfontfamily685ctype
17:30:32.979 [main] TRACE - Resolving type for handle stfontfamily9c6ctype
17:30:32.981 [main] TRACE - Resolving type for handle ctfontschemebf5dtype
17:30:32.983 [main] TRACE - Resolving type for handle stfontschemef36dtype
17:30:32.986 [main] TRACE - Resolving type for handle ctpatternfill7452type
17:30:32.991 [main] TRACE - Resolving type for handle stpatterntype7939type
17:30:32.994 [main] TRACE - Resolving type for handle ctsheetformatprdef7type
17:30:32.999 [main] TRACE - Resolving type for handle ctsheetviewsb918type
17:30:33.004 [main] TRACE - Resolving type for handle ctsheetview0f43type
17:30:33.011 [main] TRACE - Resolving type for handle ctsheetdimensiond310type
17:30:33.013 [main] TRACE - Resolving type for handle ctpagemargins5455type
17:30:33.023 [main] TRACE - Resolving type for handle ctstrval86cctype
17:30:33.026 [main] TRACE - Resolving type for handle ctnumval2fe1type
17:30:33.053 [main] TRACE - Resolving type for handle ctbooleanproperty1f3ctype
17:30:33.097 [main] TRACE - Resolving type for handle stunsignedinthex27datype
17:30:33.161 [main] TRACE - Resolving type for handle ctsheetprotection22f7type
17:30:33.214 [main] TRACE - Resolving type for handle ctpaneaab1type
17:30:33.221 [main] TRACE - Resolving type for handle stpane2ac1type
17:30:33.225 [main] TRACE - Resolving type for handle stpanestateae58type
17:30:33.227 [main] TRACE - Resolving type for handle ctselectionca2btype
17:30:33.304 [main] TRACE - Resolving type for handle ctworkbookprotection56bctype
17:30:33.364 [main] TRACE - Resolving type for handle ctnumfmtsb58btype
17:30:33.434 [main] DEBUG - Save content types part
17:30:33.616 [main] DEBUG - Save package relationships
17:30:33.625 [main] DEBUG - Save part 'docProps/app.xml'
17:30:33.626 [main] DEBUG - Save part 'docProps/core.xml'
17:30:33.630 [main] DEBUG - Save part 'xl/charts/chart1.xml'
17:30:33.631 [main] DEBUG - Save part 'xl/charts/chart2.xml'
17:30:33.631 [main] DEBUG - Save part 'xl/charts/chart3.xml'
17:30:33.633 [main] DEBUG - Save part 'xl/charts/chart4.xml'
17:30:33.637 [main] DEBUG - Save part 'xl/charts/chart5.xml'
17:30:33.641 [main] DEBUG - Save part 'xl/charts/chart6.xml'
17:30:33.645 [main] DEBUG - Save part 'xl/charts/chart7.xml'
17:30:33.645 [main] DEBUG - Save part 'xl/charts/chart8.xml'
17:30:33.647 [main] DEBUG - Save part 'xl/charts/chart9.xml'
17:30:33.648 [main] DEBUG - Save part 'xl/charts/chart10.xml'
17:30:33.649 [main] DEBUG - Save part 'xl/charts/chart11.xml'
17:30:33.651 [main] DEBUG - Save part 'xl/charts/chart12.xml'
17:30:33.652 [main] DEBUG - Save part 'xl/charts/chart13.xml'
17:30:33.653 [main] DEBUG - Save part 'xl/drawings/drawing1.xml'
17:30:33.657 [main] DEBUG - Save part 'xl/drawings/drawing2.xml'
17:30:33.657 [main] DEBUG - Save part 'xl/drawings/drawing3.xml'
17:30:33.658 [main] DEBUG - Save part 'xl/drawings/drawing4.xml'
17:30:33.659 [main] DEBUG - Save part 'xl/drawings/drawing5.xml'
17:30:33.661 [main] DEBUG - Save part 'xl/drawings/drawing6.xml'
17:30:33.662 [main] DEBUG - Save part 'xl/drawings/drawing7.xml'
17:30:33.664 [main] DEBUG - Save part 'xl/drawings/drawing8.xml'
17:30:33.666 [main] DEBUG - Save part 'xl/drawings/drawing9.xml'
17:30:33.667 [main] DEBUG - Save part 'xl/printerSettings/printerSettings1.bin'
17:30:33.668 [main] DEBUG - Save part 'xl/printerSettings/printerSettings2.bin'
17:30:33.668 [main] DEBUG - Save part 'xl/printerSettings/printerSettings3.bin'
17:30:33.668 [main] DEBUG - Save part 'xl/printerSettings/printerSettings4.bin'
17:30:33.668 [main] DEBUG - Save part 'xl/printerSettings/printerSettings5.bin'
17:30:33.668 [main] DEBUG - Save part 'xl/printerSettings/printerSettings8.bin'
17:30:33.668 [main] DEBUG - Save part 'xl/sharedStrings.xml'
17:30:33.670 [main] DEBUG - Save part 'xl/styles.xml'
17:30:33.671 [main] DEBUG - Save part 'xl/theme/theme1.xml'
17:30:33.671 [main] DEBUG - Save part 'xl/workbook.xml'
17:30:33.673 [main] DEBUG - Save part 'xl/worksheets/sheet1.xml'
17:30:33.675 [main] DEBUG - Save part 'xl/worksheets/sheet2.xml'
17:30:33.677 [main] DEBUG - Save part 'xl/worksheets/sheet3.xml'
17:30:33.680 [main] DEBUG - Save part 'xl/worksheets/sheet4.xml'
17:30:33.681 [main] DEBUG - Save part 'xl/worksheets/sheet5.xml'
17:30:33.684 [main] DEBUG - Save part 'xl/worksheets/sheet8.xml'
18:12:23.377 [main] DEBUG - Parsing relationship: /xl/charts/_rels/chart1.xml.rels
18:12:23.388 [main] DEBUG - Parsing relationship: /xl/charts/_rels/chart2.xml.rels
18:12:23.389 [main] DEBUG - Parsing relationship: /xl/charts/_rels/chart3.xml.rels
18:12:23.391 [main] DEBUG - Parsing relationship: /xl/charts/_rels/chart5.xml.rels
18:12:23.392 [main] DEBUG - Parsing relationship: /xl/charts/_rels/chart8.xml.rels
18:12:23.393 [main] DEBUG - Parsing relationship: /xl/drawings/_rels/drawing1.xml.rels
18:12:23.394 [main] DEBUG - Parsing relationship: /xl/drawings/_rels/drawing5.xml.rels
18:12:23.395 [main] DEBUG - Parsing relationship: /xl/drawings/_rels/drawing7.xml.rels
18:12:23.397 [main] DEBUG - Parsing relationship: /xl/drawings/_rels/drawing8.xml.rels
18:12:23.398 [main] DEBUG - Parsing relationship: /xl/drawings/_rels/drawing10.xml.rels
18:12:23.402 [main] DEBUG - Parsing relationship: /xl/drawings/_rels/drawing11.xml.rels
18:12:23.404 [main] DEBUG - Parsing relationship: /xl/externalLinks/_rels/externalLink1.xml.rels
18:12:23.406 [main] DEBUG - Parsing relationship: /xl/_rels/workbook.xml.rels
18:12:23.408 [main] DEBUG - Parsing relationship: /xl/worksheets/_rels/sheet1.xml.rels
18:12:23.409 [main] DEBUG - Parsing relationship: /xl/worksheets/_rels/sheet2.xml.rels
18:12:23.410 [main] DEBUG - Parsing relationship: /xl/worksheets/_rels/sheet3.xml.rels
18:12:23.411 [main] DEBUG - Parsing relationship: /xl/worksheets/_rels/sheet4.xml.rels
18:12:23.412 [main] DEBUG - Parsing relationship: /xl/worksheets/_rels/sheet6.xml.rels
18:12:23.414 [main] DEBUG - Parsing relationship: /xl/worksheets/_rels/sheet7.xml.rels
18:12:23.417 [main] DEBUG - Parsing relationship: /xl/worksheets/_rels/sheet8.xml.rels
18:12:23.418 [main] DEBUG - Parsing relationship: /_rels/.rels
18:12:23.765 [main] TRACE - Loading type system org.apache.poi.schemas.ooxml.system.ooxml
18:12:23.769 [main] TRACE - Loading type system org.apache.xmlbeans.metadata.system.sXMLCONFIG
18:12:23.770 [main] TRACE - Loading type system org.apache.xmlbeans.metadata.system.sXMLLANG
18:12:23.771 [main] TRACE - Loading type system org.apache.xmlbeans.metadata.system.sXMLSCHEMA
18:12:23.771 [main] TRACE - Loading type system org.apache.xmlbeans.metadata.system.sXMLTOOLS
18:12:23.772 [main] TRACE - Reading unresolved handles for type system org.apache.xmlbeans.metadata.system.sXMLTOOLS
18:12:23.785 [main] TRACE - Finished loading type system org.apache.xmlbeans.metadata.system.sXMLTOOLS
18:12:23.789 [main] TRACE - Reading unresolved handles for type system org.apache.xmlbeans.metadata.system.sXMLSCHEMA
18:12:23.795 [main] TRACE - Finished loading type system org.apache.xmlbeans.metadata.system.sXMLSCHEMA
18:12:23.797 [main] TRACE - Reading unresolved handles for type system org.apache.xmlbeans.metadata.system.sXMLLANG
18:12:23.798 [main] TRACE - Finished loading type system org.apache.xmlbeans.metadata.system.sXMLLANG
18:12:23.799 [main] TRACE - Reading unresolved handles for type system org.apache.xmlbeans.metadata.system.sXMLCONFIG
18:12:23.800 [main] TRACE - Finished loading type system org.apache.xmlbeans.metadata.system.sXMLCONFIG
18:12:23.801 [main] TRACE - Reading unresolved handles for type system org.apache.poi.schemas.ooxml.system.ooxml
18:12:23.857 [main] TRACE - Finished loading type system org.apache.poi.schemas.ooxml.system.ooxml
18:12:23.859 [main] TRACE - Resolving type for handle themefd26doctype
18:12:23.938 [main] TRACE - Resolving type for handle stylesheet5d8bdoctype
18:12:23.956 [main] TRACE - Resolving type for handle ctstylesheet4257type
18:12:23.965 [main] TRACE - Resolving type for handle ctcolors6579type
18:12:23.968 [main] TRACE - Resolving type for handle ctfonts6623type
18:12:23.972 [main] TRACE - Resolving type for handle ctfont14d8type
18:12:23.981 [main] TRACE - Resolving type for handle ctfills2c6ftype
18:12:23.983 [main] TRACE - Resolving type for handle ctfill550ctype
18:12:23.986 [main] TRACE - Resolving type for handle ctborders0d66type
18:12:23.991 [main] TRACE - Resolving type for handle ctborderf935type
18:12:23.995 [main] TRACE - Resolving type for handle ctcellxfs1322type
18:12:24.000 [main] TRACE - Resolving type for handle ctxf97f7type
18:12:24.005 [main] TRACE - Resolving type for handle ctcellstylexfsa81ftype
18:12:24.006 [main] TRACE - Resolving type for handle ctdxfsb26atype
18:12:24.009 [main] TRACE - Resolving type for handle cttablestyles872ftype
18:12:24.013 [main] TRACE - Resolving type for handle sstf81fdoctype
18:12:24.018 [main] TRACE - Resolving type for handle ctsst44f3type
18:12:24.032 [main] TRACE - Resolving type for handle ctrsta472type
18:12:24.079 [main] TRACE - Resolving type for handle calcchainfc37doctype
18:12:24.084 [main] TRACE - Resolving type for handle ctcalcchain5a0btype
18:12:24.089 [main] TRACE - Resolving type for handle externallinkb4c2doctype
18:12:24.093 [main] TRACE - Resolving type for handle ctexternallink966etype
18:12:24.096 [main] DEBUG - using default POIXMLDocumentPart for http://schemas.openxmlformats.org/officeDocument/2006/relationships/printerSettings
18:12:24.099 [main] TRACE - Resolving type for handle ctdrawing2748type
18:12:24.114 [main] TRACE - Resolving type for handle chartspace36e0doctype
18:12:24.124 [main] TRACE - Resolving type for handle ctchartspacef9b4type
18:12:24.138 [main] DEBUG - using default POIXMLDocumentPart for http://schemas.openxmlformats.org/officeDocument/2006/relationships/chartUserShapes
18:12:24.138 [main] DEBUG - using default POIXMLDocumentPart for http://schemas.openxmlformats.org/officeDocument/2006/relationships/chartUserShapes
18:12:24.138 [main] DEBUG - using default POIXMLDocumentPart for http://schemas.openxmlformats.org/officeDocument/2006/relationships/chartUserShapes
18:12:24.138 [main] DEBUG - using default POIXMLDocumentPart for http://schemas.openxmlformats.org/officeDocument/2006/relationships/printerSettings
18:12:24.149 [main] DEBUG - using default POIXMLDocumentPart for http://schemas.openxmlformats.org/officeDocument/2006/relationships/chartUserShapes
18:12:24.149 [main] DEBUG - using default POIXMLDocumentPart for http://schemas.openxmlformats.org/officeDocument/2006/relationships/printerSettings
18:12:24.154 [main] DEBUG - using default POIXMLDocumentPart for http://schemas.openxmlformats.org/officeDocument/2006/relationships/printerSettings
18:12:24.167 [main] DEBUG - using default POIXMLDocumentPart for http://schemas.openxmlformats.org/officeDocument/2006/relationships/chartUserShapes
18:12:24.167 [main] DEBUG - using default POIXMLDocumentPart for http://schemas.openxmlformats.org/officeDocument/2006/relationships/printerSettings
18:12:24.172 [main] DEBUG - using default POIXMLDocumentPart for http://schemas.openxmlformats.org/officeDocument/2006/relationships/printerSettings
18:12:24.178 [main] DEBUG - using default POIXMLDocumentPart for http://schemas.openxmlformats.org/officeDocument/2006/relationships/printerSettings
18:12:24.180 [main] TRACE - Resolving type for handle workbookec17doctype
18:12:24.184 [main] TRACE - Resolving type for handle ctworkbook83c3type
18:12:24.195 [main] TRACE - Resolving type for handle ctsheets49fdtype
18:12:24.200 [main] TRACE - Resolving type for handle ctsheet4dbetype
18:12:24.203 [main] TRACE - Resolving type for handle strelationshipid1e94type
18:12:24.207 [main] TRACE - Resolving type for handle worksheetf539doctype
18:12:24.212 [main] TRACE - Resolving type for handle ctworksheet530dtype
18:12:24.225 [main] TRACE - Resolving type for handle ctcols627ctype
18:12:24.232 [main] TRACE - Resolving type for handle ctcola95ftype
18:12:24.248 [main] TRACE - Resolving type for handle ctsheetdata8408type
18:12:24.259 [main] TRACE - Resolving type for handle ctrowdd39type
18:12:24.273 [main] TRACE - Resolving type for handle ctcell842btype
18:12:24.285 [main] TRACE - Resolving type for handle stcellrefe4e0type
18:12:24.333 [main] TRACE - Resolving type for handle ctcellformula3583type
18:12:24.341 [main] TRACE - Resolving type for handle stcellformulatypee2cdtype
18:12:24.347 [main] TRACE - Resolving type for handle ctexternalreferencesd77ctype
18:12:24.352 [main] TRACE - Resolving type for handle ctexternalreference945ftype
18:12:24.361 [main] TRACE - Resolving type for handle ctdefinednamesce48type
18:12:24.365 [main] TRACE - Resolving type for handle ctdefinedname9413type
18:12:24.370 [main] TRACE - Resolving type for handle stxstringf179type
18:12:24.378 [main] TRACE - Resolving type for handle stsheetstate158btype
18:12:24.405 [main] TRACE - Resolving type for handle stcelltypebf95type
18:12:24.416 [main] TRACE - Resolving type for handle ctsheetprotection22f7type
18:12:24.458 [main] TRACE - Resolving type for handle stnumfmtid76fbtype
18:12:24.461 [main] TRACE - Resolving type for handle stfontid9d63type
18:12:24.462 [main] TRACE - Resolving type for handle stfillida097type
18:12:24.463 [main] TRACE - Resolving type for handle stborderid1a80type
18:12:24.464 [main] TRACE - Resolving type for handle stcellstylexfid70c7type
18:12:24.469 [main] TRACE - Resolving type for handle ctcellalignmentb580type
18:12:24.472 [main] TRACE - Resolving type for handle stverticalalignmentd35ctype
18:12:24.474 [main] TRACE - Resolving type for handle ctborderpre497type
18:12:24.477 [main] TRACE - Resolving type for handle stborderstylec774type
18:12:24.479 [main] TRACE - Resolving type for handle ctcolord2c2type
18:12:24.487 [main] TRACE - Resolving type for handle ctfontname2dc3type
18:12:24.491 [main] TRACE - Resolving type for handle ctfontsizeb3b9type
18:12:24.495 [main] TRACE - Resolving type for handle ctbooleanproperty1f3ctype
18:12:24.651 [main] TRACE - Resolving type for handle stunsignedinthex27datype
18:12:24.672 [main] TRACE - Resolving type for handle sthorizontalalignmentf92etype
18:12:24.697 [main] TRACE - Resolving type for handle ctdrawing44fdtype
18:12:24.702 [main] TRACE - Resolving type for handle ctchartc108type
18:12:24.706 [main] TRACE - Resolving type for handle cttitleb54etype
18:12:24.717 [main] TRACE - Resolving type for handle cttx9678type
18:12:24.720 [main] TRACE - Resolving type for handle cttextbodya3catype
